<?xml version="1.0" encoding="UTF-8"?>
<!-- Generated by org.testng.reporters.JUnitXMLReporter -->
<testsuite hostname="DIN13003412" ignored="0" name="Default test" tests="2" failures="0" timestamp="02 Sep 2017 10:29:55 GMT" time="22.394" errors="0">
  <testcase name="loginWithExistingUser" time="6.319" classname="com.test.automation.UIautomation.Homepage.VerifyloginWithExistingUser"/>
  <testcase name="loginWithExistingUser" time="6.139" classname="com.test.automation.UIautomation.Homepage.VerifyloginWithExistingUser"/>
</testsuite> <!-- Default test -->
